{"name": "Dry run of the Framework 2", "status": "failed", "statusDetails": {"message": "AssertionError: assert True == False", "trace": "@allure.title(\"Dry run of the Framework 2\")\n    @allure.description(\"Verify that the dry run is working\")\n    @allure.feature(\"TC#2- Sample failed Test run\")\n    @pytest.mark.sample\n    def test_sample_fail():\n        print(\"Hello Sample\")\n>       assert True==False\nE       assert True == False\n\nsrc\\test\\tests\\Sample\\test_sample.py:21: AssertionError"}, "description": "Verify that the dry run is working", "attachments": [{"name": "stdout", "source": "dc7556d7-7ffd-4078-9802-5ca04e377dc0-attachment.txt", "type": "text/plain"}], "start": 1766904448959, "stop": 1766904448961, "uuid": "0ba8d8ac-1052-4871-a0e7-250bbf2d45dd", "historyId": "ca07c1a5b691888c82671365b413f553", "testCaseId": "ca07c1a5b691888c82671365b413f553", "fullName": "src.test.tests.Sample.test_sample#test_sample_fail", "labels": [{"name": "feature", "value": "TC#2- Sample failed Test run"}, {"name": "tag", "value": "sample"}, {"name": "parentSuite", "value": "src.test.tests.Sample"}, {"name": "suite", "value": "test_sample"}, {"name": "host", "value": "DESKTOP-8OS0836"}, {"name": "thread", "value": "3104-MainThread"}, {"name": "framework", "value": "pytest"}, {"name": "language", "value": "cpython3"}, {"name": "package", "value": "src.test.tests.Sample.test_sample"}], "titlePath": ["src", "test", "tests", "Sample", "test_sample.py"]}